<?xml version="1.0" encoding="UTF-8"?>
<testsuite xmlns:xsi="http://www.w3.org/2001/XMLSchema-instance" xsi:noNamespaceSchemaLocation="https://maven.apache.org/surefire/maven-surefire-plugin/xsd/surefire-test-report-3.0.xsd" version="3.0" name="com.gestion_livres.GestionLivresApplicationTests" time="10.009" tests="1" errors="0" skipped="0" failures="0">
  <properties>
[...]
</properties>
  <testcase name="contextLoads" classname="com.gestion_livres.GestionLivresApplicationTests" time="0.743">
    <system-out><![CDATA[21:21:20.773 [main] INFO org.springframework.test.context.support.AnnotationConfigContextLoaderUtils -- Could not detect default configuration classes for test class [com.gestion_livres.GestionLivresApplicationTests]: GestionLivresApplicationTests does not declare any static, non-private, non-final, nested classes annotated with @Configuration.
21:21:20.927 [main] INFO org.springframework.boot.test.context.SpringBootTestContextBootstrapper -- Found @SpringBootConfiguration com.gestion_livres.GestionLivresApplication for test class com.gestion_livres.GestionLivresApplicationTests
21:21:21.333 [main] INFO org.springframework.boot.devtools.restart.RestartApplicationListener -- Restart disabled due to context in which it is running
  .   ____          _            __ _ _
 /\\ / ___'_ __ _ _(_)_ __  __ _ \ \ \ \
( ( )\___ | '_ | '_| | '_ \/ _` | \ \ \ \
 \\/  ___)| |_)| | | | | || (_| |  ) ) ) )
  '  |____| .__|_| |_|_| |_\__, | / / / /
 =========|_|==============|___/=/_/_/_/

 :: Spring Boot ::                (v3.3.0)

2026-02-01T21:21:21.789Z  INFO 12632 --- [           main] c.g.GestionLivresApplicationTests        : Starting GestionLivresApplicationTests using Java 17.0.16 with PID 12632 (started by lenovo in C:\Users\lenovo\Desktop\IC3\spring-boot\gestion-livres)
2026-02-01T21:21:21.793Z  INFO 12632 --- [           main] c.g.GestionLivresApplicationTests        : No active profile set, falling back to 1 default profile: "default"
2026-02-01T21:21:23.289Z  INFO 12632 --- [           main] .s.d.r.c.RepositoryConfigurationDelegate : Bootstrapping Spring Data JPA repositories in DEFAULT mode.
2026-02-01T21:21:23.422Z  INFO 12632 --- [           main] .s.d.r.c.RepositoryConfigurationDelegate : Finished Spring Data repository scanning in 111 ms. Found 1 JPA repository interface.
2026-02-01T21:21:24.320Z  INFO 12632 --- [           main] o.hibernate.jpa.internal.util.LogHelper  : HHH000204: Processing PersistenceUnitInfo [name: default]
2026-02-01T21:21:24.454Z  INFO 12632 --- [           main] org.hibernate.Version                    : HHH000412: Hibernate ORM core version 6.5.2.Final
2026-02-01T21:21:24.535Z  INFO 12632 --- [           main] o.h.c.internal.RegionFactoryInitiator    : HHH000026: Second-level cache disabled
2026-02-01T21:21:25.344Z  INFO 12632 --- [           main] o.s.o.j.p.SpringPersistenceUnitInfo      : No LoadTimeWeaver setup: ignoring JPA class transformer
2026-02-01T21:21:25.427Z  INFO 12632 --- [           main] com.zaxxer.hikari.HikariDataSource       : HikariPool-1 - Starting...
2026-02-01T21:21:25.707Z  INFO 12632 --- [           main] com.zaxxer.hikari.pool.HikariPool        : HikariPool-1 - Added connection conn0: url=jdbc:h2:mem:testdb user=SA
2026-02-01T21:21:25.709Z  INFO 12632 --- [           main] com.zaxxer.hikari.HikariDataSource       : HikariPool-1 - Start completed.
2026-02-01T21:21:25.738Z  WARN 12632 --- [           main] org.hibernate.orm.deprecation            : HHH90000025: H2Dialect does not need to be specified explicitly using 'hibernate.dialect' (remove the property setting and it will be selected by default)
2026-02-01T21:21:26.980Z  INFO 12632 --- [           main] o.h.e.t.j.p.i.JtaPlatformInitiator       : HHH000489: No JTA platform available (set 'hibernate.transaction.jta.platform' to enable JTA platform integration)
Hibernate: create table books (id bigint generated by default as identity, auteur varchar(100) not null, prix float(53) not null check (prix>=0), titre varchar(100) not null, primary key (id))
2026-02-01T21:21:27.069Z  INFO 12632 --- [           main] j.LocalContainerEntityManagerFactoryBean : Initialized JPA EntityManagerFactory for persistence unit 'default'
2026-02-01T21:21:28.024Z  WARN 12632 --- [           main] JpaBaseConfiguration$JpaWebConfiguration : spring.jpa.open-in-view is enabled by default. Therefore, database queries may be performed during view rendering. Explicitly configure spring.jpa.open-in-view to disable this warning
2026-02-01T21:21:28.740Z  WARN 12632 --- [           main] ion$DefaultTemplateResolverConfiguration : Cannot find template location: classpath:/templates/ (please add some templates, check your Thymeleaf configuration, or set spring.thymeleaf.check-template-location=false)
2026-02-01T21:21:28.910Z  INFO 12632 --- [           main] o.s.b.a.h2.H2ConsoleAutoConfiguration    : H2 console available at '/h2-console'. Database available at 'jdbc:h2:mem:testdb'
2026-02-01T21:21:29.010Z  INFO 12632 --- [           main] c.g.GestionLivresApplicationTests        : Started GestionLivresApplicationTests in 7.698 seconds (process running for 9.329)
Hibernate: select count(*) from books b1_0
Hibernate: insert into books (auteur,prix,titre,id) values (?,?,?,default)
Hibernate: insert into books (auteur,prix,titre,id) values (?,?,?,default)
Hibernate: insert into books (auteur,prix,titre,id) values (?,?,?,default)
Hibernate: insert into books (auteur,prix,titre,id) values (?,?,?,default)
Hibernate: insert into books (auteur,prix,titre,id) values (?,?,?,default)
Hibernate: insert into books (auteur,prix,titre,id) values (?,?,?,default)
Hibernate: insert into books (auteur,prix,titre,id) values (?,?,?,default)
Hibernate: insert into books (auteur,prix,titre,id) values (?,?,?,default)
Hibernate: select count(*) from books b1_0
✅ Base de données initialisée avec 8 livres
]]></system-out>
  </testcase>
</testsuite>